2026-05-18 00:00:02 INFO  [com.zaxxer.hikari.HikariDataSource] - HikariPool-1 - Shutdown initiated...
2026-05-18 00:00:02 INFO  [com.zaxxer.hikari.HikariDataSource] - HikariPool-1 - Shutdown completed.
2026-05-18 00:00:03 INFO  [com.example.wyk.WykMusicApplication] - Starting WykMusicApplication using Java 17.0.17 on 还有机会吗 with PID 52088 (C:\Users\33413\Desktop\music-website-master\music-server\target\classes started by 33413 in C:\Users\33413\Desktop\music-website-master\music-server)
2026-05-18 00:00:03 INFO  [com.example.wyk.WykMusicApplication] - The following profiles are active: dev
2026-05-18 00:00:03 INFO  [o.s.d.r.c.RepositoryConfigurationDelegate] - Multiple Spring Data modules found, entering strict repository configuration mode!
2026-05-18 00:00:03 INFO  [o.s.d.r.c.RepositoryConfigurationDelegate] - Bootstrapping Spring Data Redis repositories in DEFAULT mode.
2026-05-18 00:00:03 INFO  [o.s.d.r.c.RepositoryConfigurationDelegate] - Finished Spring Data repository scanning in 21 ms. Found 0 Redis repository interfaces.
2026-05-18 00:00:04 INFO  [o.s.b.w.e.tomcat.TomcatWebServer] - Tomcat initialized with port(s): 8888 (http)
2026-05-18 00:00:04 INFO  [o.a.coyote.http11.Http11NioProtocol] - Initializing ProtocolHandler ["http-nio-8888"]
2026-05-18 00:00:04 INFO  [o.a.catalina.core.StandardService] - Starting service [Tomcat]
2026-05-18 00:00:04 INFO  [o.a.catalina.core.StandardEngine] - Starting Servlet engine: [Apache Tomcat/9.0.56]
2026-05-18 00:00:04 INFO  [o.a.c.c.C.[Tomcat].[localhost].[/]] - Initializing Spring embedded WebApplicationContext
2026-05-18 00:00:04 INFO  [o.s.b.w.s.c.ServletWebServerApplicationContext] - Root WebApplicationContext: initialization completed in 1136 ms
2026-05-18 00:00:04 INFO  [o.s.b.d.a.OptionalLiveReloadServer] - LiveReload server is running on port 35729
2026-05-18 00:00:04 INFO  [o.a.coyote.http11.Http11NioProtocol] - Starting ProtocolHandler ["http-nio-8888"]
2026-05-18 00:00:04 INFO  [o.s.b.w.e.tomcat.TomcatWebServer] - Tomcat started on port(s): 8888 (http) with context path ''
2026-05-18 00:00:04 INFO  [com.example.wyk.WykMusicApplication] - Started WykMusicApplication in 1.642 seconds (JVM running for 2206.932)
2026-05-18 00:00:04 INFO  [o.s.b.d.a.ConditionEvaluationDeltaLoggingListener] - Condition evaluation unchanged
2026-05-18 00:01:35 INFO  [com.example.wyk.WykMusicApplication] - Starting WykMusicApplication using Java 17.0.17 on 还有机会吗 with PID 37744 (C:\Users\33413\Desktop\music-website-master\music-server\target\classes started by 33413 in C:\Users\33413\Desktop\music-website-master\music-server)
2026-05-18 00:01:35 INFO  [com.example.wyk.WykMusicApplication] - The following profiles are active: dev
2026-05-18 00:01:35 INFO  [o.s.b.d.restart.ChangeableUrls] - The Class-Path manifest attribute in D:\develop\apache-maven-3.9.9\myrepository\com\sun\xml\bind\jaxb-impl\2.3.1\jaxb-impl-2.3.1.jar referenced one or more files that do not exist: file:/D:/develop/apache-maven-3.9.9/myrepository/com/sun/xml/bind/jaxb-impl/2.3.1/jaxb-runtime-2.3.1.jar,file:/D:/develop/apache-maven-3.9.9/myrepository/com/sun/xml/bind/jaxb-impl/2.3.1/txw2-2.3.1.jar,file:/D:/develop/apache-maven-3.9.9/myrepository/com/sun/xml/bind/jaxb-impl/2.3.1/istack-commons-runtime-3.0.7.jar,file:/D:/develop/apache-maven-3.9.9/myrepository/com/sun/xml/bind/jaxb-impl/2.3.1/stax-ex-1.8.jar,file:/D:/develop/apache-maven-3.9.9/myrepository/com/sun/xml/bind/jaxb-impl/2.3.1/FastInfoset-1.2.15.jar,file:/D:/develop/apache-maven-3.9.9/myrepository/com/sun/xml/bind/jaxb-impl/2.3.1/javax.activation-api-1.2.0.jar
2026-05-18 00:01:35 INFO  [o.s.b.d.e.DevToolsPropertyDefaultsPostProcessor] - Devtools property defaults active! Set 'spring.devtools.add-properties' to 'false' to disable
2026-05-18 00:01:35 INFO  [o.s.b.d.e.DevToolsPropertyDefaultsPostProcessor] - For additional web related logging consider setting the 'logging.level.web' property to 'DEBUG'
2026-05-18 00:01:35 INFO  [o.s.d.r.c.RepositoryConfigurationDelegate] - Multiple Spring Data modules found, entering strict repository configuration mode!
2026-05-18 00:01:35 INFO  [o.s.d.r.c.RepositoryConfigurationDelegate] - Bootstrapping Spring Data Redis repositories in DEFAULT mode.
2026-05-18 00:01:35 INFO  [o.s.d.r.c.RepositoryConfigurationDelegate] - Finished Spring Data repository scanning in 25 ms. Found 0 Redis repository interfaces.
2026-05-18 00:01:38 INFO  [o.s.b.w.e.tomcat.TomcatWebServer] - Tomcat initialized with port(s): 8888 (http)
2026-05-18 00:01:38 INFO  [o.a.coyote.http11.Http11NioProtocol] - Initializing ProtocolHandler ["http-nio-8888"]
2026-05-18 00:01:38 INFO  [o.a.catalina.core.StandardService] - Starting service [Tomcat]
2026-05-18 00:01:38 INFO  [o.a.catalina.core.StandardEngine] - Starting Servlet engine: [Apache Tomcat/9.0.56]
2026-05-18 00:01:38 INFO  [o.a.c.c.C.[Tomcat].[localhost].[/]] - Initializing Spring embedded WebApplicationContext
2026-05-18 00:01:38 INFO  [o.s.b.w.s.c.ServletWebServerApplicationContext] - Root WebApplicationContext: initialization completed in 3092 ms
2026-05-18 00:01:38 INFO  [o.s.b.d.a.OptionalLiveReloadServer] - LiveReload server is running on port 35729
2026-05-18 00:01:38 INFO  [o.a.coyote.http11.Http11NioProtocol] - Starting ProtocolHandler ["http-nio-8888"]
2026-05-18 00:01:39 INFO  [o.s.b.w.e.tomcat.TomcatWebServer] - Tomcat started on port(s): 8888 (http) with context path ''
2026-05-18 00:01:39 INFO  [com.example.wyk.WykMusicApplication] - Started WykMusicApplication in 4.379 seconds (JVM running for 5.026)
2026-05-18 00:03:37 INFO  [o.a.c.c.C.[Tomcat].[localhost].[/]] - Initializing Spring DispatcherServlet 'dispatcherServlet'
2026-05-18 00:03:37 INFO  [o.s.web.servlet.DispatcherServlet] - Initializing Servlet 'dispatcherServlet'
2026-05-18 00:03:37 INFO  [o.s.web.servlet.DispatcherServlet] - Completed initialization in 2 ms
2026-05-18 00:03:38 INFO  [com.zaxxer.hikari.HikariDataSource] - HikariPool-1 - Starting...
2026-05-18 00:03:38 INFO  [com.zaxxer.hikari.HikariDataSource] - HikariPool-1 - Start completed.
2026-05-18 00:03:50 INFO  [c.e.wyk.service.impl.SongServiceImpl] - Query songs by singerId=5, count=3
2026-05-18 00:06:11 INFO  [com.zaxxer.hikari.HikariDataSource] - HikariPool-1 - Shutdown initiated...
2026-05-18 00:06:11 INFO  [com.zaxxer.hikari.HikariDataSource] - HikariPool-1 - Shutdown completed.
2026-05-18 00:06:11 INFO  [com.example.wyk.WykMusicApplication] - Starting WykMusicApplication using Java 17.0.17 on 还有机会吗 with PID 37744 (C:\Users\33413\Desktop\music-website-master\music-server\target\classes started by 33413 in C:\Users\33413\Desktop\music-website-master\music-server)
2026-05-18 00:06:11 INFO  [com.example.wyk.WykMusicApplication] - The following profiles are active: dev
2026-05-18 00:06:11 INFO  [o.s.d.r.c.RepositoryConfigurationDelegate] - Multiple Spring Data modules found, entering strict repository configuration mode!
2026-05-18 00:06:11 INFO  [o.s.d.r.c.RepositoryConfigurationDelegate] - Bootstrapping Spring Data Redis repositories in DEFAULT mode.
2026-05-18 00:06:11 INFO  [o.s.d.r.c.RepositoryConfigurationDelegate] - Finished Spring Data repository scanning in 24 ms. Found 0 Redis repository interfaces.
2026-05-18 00:06:12 INFO  [o.s.b.w.e.tomcat.TomcatWebServer] - Tomcat initialized with port(s): 8888 (http)
2026-05-18 00:06:12 INFO  [o.a.coyote.http11.Http11NioProtocol] - Initializing ProtocolHandler ["http-nio-8888"]
2026-05-18 00:06:12 INFO  [o.a.catalina.core.StandardService] - Starting service [Tomcat]
2026-05-18 00:06:12 INFO  [o.a.catalina.core.StandardEngine] - Starting Servlet engine: [Apache Tomcat/9.0.56]
2026-05-18 00:06:12 INFO  [o.a.c.c.C.[Tomcat].[localhost].[/]] - Initializing Spring embedded WebApplicationContext
2026-05-18 00:06:12 INFO  [o.s.b.w.s.c.ServletWebServerApplicationContext] - Root WebApplicationContext: initialization completed in 836 ms
2026-05-18 00:06:12 INFO  [o.s.b.d.a.OptionalLiveReloadServer] - LiveReload server is running on port 35729
2026-05-18 00:06:12 INFO  [o.a.coyote.http11.Http11NioProtocol] - Starting ProtocolHandler ["http-nio-8888"]
2026-05-18 00:06:12 INFO  [o.s.b.w.e.tomcat.TomcatWebServer] - Tomcat started on port(s): 8888 (http) with context path ''
2026-05-18 00:06:12 INFO  [com.example.wyk.WykMusicApplication] - Started WykMusicApplication in 1.333 seconds (JVM running for 278.785)
2026-05-18 00:06:12 INFO  [o.s.b.d.a.ConditionEvaluationDeltaLoggingListener] - Condition evaluation unchanged
2026-05-18 00:06:14 INFO  [com.example.wyk.WykMusicApplication] - Starting WykMusicApplication using Java 17.0.17 on 还有机会吗 with PID 37744 (C:\Users\33413\Desktop\music-website-master\music-server\target\classes started by 33413 in C:\Users\33413\Desktop\music-website-master\music-server)
2026-05-18 00:06:14 INFO  [com.example.wyk.WykMusicApplication] - The following profiles are active: dev
2026-05-18 00:06:14 INFO  [o.s.d.r.c.RepositoryConfigurationDelegate] - Multiple Spring Data modules found, entering strict repository configuration mode!
2026-05-18 00:06:14 INFO  [o.s.d.r.c.RepositoryConfigurationDelegate] - Bootstrapping Spring Data Redis repositories in DEFAULT mode.
2026-05-18 00:06:14 INFO  [o.s.d.r.c.RepositoryConfigurationDelegate] - Finished Spring Data repository scanning in 19 ms. Found 0 Redis repository interfaces.
2026-05-18 00:06:15 INFO  [o.s.b.w.e.tomcat.TomcatWebServer] - Tomcat initialized with port(s): 8888 (http)
2026-05-18 00:06:15 INFO  [o.a.coyote.http11.Http11NioProtocol] - Initializing ProtocolHandler ["http-nio-8888"]
2026-05-18 00:06:15 INFO  [o.a.catalina.core.StandardService] - Starting service [Tomcat]
2026-05-18 00:06:15 INFO  [o.a.catalina.core.StandardEngine] - Starting Servlet engine: [Apache Tomcat/9.0.56]
2026-05-18 00:06:15 INFO  [o.a.c.c.C.[Tomcat].[localhost].[/]] - Initializing Spring embedded WebApplicationContext
2026-05-18 00:06:15 INFO  [o.s.b.w.s.c.ServletWebServerApplicationContext] - Root WebApplicationContext: initialization completed in 614 ms
2026-05-18 00:06:15 INFO  [o.s.b.d.a.OptionalLiveReloadServer] - LiveReload server is running on port 35729
2026-05-18 00:06:15 INFO  [o.a.coyote.http11.Http11NioProtocol] - Starting ProtocolHandler ["http-nio-8888"]
2026-05-18 00:06:15 INFO  [o.s.b.w.e.tomcat.TomcatWebServer] - Tomcat started on port(s): 8888 (http) with context path ''
2026-05-18 00:06:15 INFO  [com.example.wyk.WykMusicApplication] - Started WykMusicApplication in 0.991 seconds (JVM running for 281.443)
2026-05-18 00:06:15 INFO  [o.s.b.d.a.ConditionEvaluationDeltaLoggingListener] - Condition evaluation unchanged
2026-05-18 00:06:19 INFO  [com.example.wyk.WykMusicApplication] - Starting WykMusicApplication using Java 17.0.17 on 还有机会吗 with PID 37744 (C:\Users\33413\Desktop\music-website-master\music-server\target\classes started by 33413 in C:\Users\33413\Desktop\music-website-master\music-server)
2026-05-18 00:06:19 INFO  [com.example.wyk.WykMusicApplication] - The following profiles are active: dev
2026-05-18 00:06:19 INFO  [o.s.d.r.c.RepositoryConfigurationDelegate] - Multiple Spring Data modules found, entering strict repository configuration mode!
2026-05-18 00:06:19 INFO  [o.s.d.r.c.RepositoryConfigurationDelegate] - Bootstrapping Spring Data Redis repositories in DEFAULT mode.
2026-05-18 00:06:19 INFO  [o.s.d.r.c.RepositoryConfigurationDelegate] - Finished Spring Data repository scanning in 22 ms. Found 0 Redis repository interfaces.
2026-05-18 00:06:19 INFO  [o.s.b.w.e.tomcat.TomcatWebServer] - Tomcat initialized with port(s): 8888 (http)
2026-05-18 00:06:19 INFO  [o.a.coyote.http11.Http11NioProtocol] - Initializing ProtocolHandler ["http-nio-8888"]
2026-05-18 00:06:19 INFO  [o.a.catalina.core.StandardService] - Starting service [Tomcat]
2026-05-18 00:06:19 INFO  [o.a.catalina.core.StandardEngine] - Starting Servlet engine: [Apache Tomcat/9.0.56]
2026-05-18 00:06:20 INFO  [o.a.c.c.C.[Tomcat].[localhost].[/]] - Initializing Spring embedded WebApplicationContext
2026-05-18 00:06:20 INFO  [o.s.b.w.s.c.ServletWebServerApplicationContext] - Root WebApplicationContext: initialization completed in 641 ms
2026-05-18 00:06:20 INFO  [o.s.b.d.a.OptionalLiveReloadServer] - LiveReload server is running on port 35729
2026-05-18 00:06:20 INFO  [o.a.coyote.http11.Http11NioProtocol] - Starting ProtocolHandler ["http-nio-8888"]
2026-05-18 00:06:20 INFO  [o.s.b.w.e.tomcat.TomcatWebServer] - Tomcat started on port(s): 8888 (http) with context path ''
2026-05-18 00:06:20 INFO  [com.example.wyk.WykMusicApplication] - Started WykMusicApplication in 1.004 seconds (JVM running for 286.34)
2026-05-18 00:06:20 INFO  [o.s.b.d.a.ConditionEvaluationDeltaLoggingListener] - Condition evaluation unchanged
2026-05-18 00:06:22 INFO  [com.example.wyk.WykMusicApplication] - Starting WykMusicApplication using Java 17.0.17 on 还有机会吗 with PID 37744 (C:\Users\33413\Desktop\music-website-master\music-server\target\classes started by 33413 in C:\Users\33413\Desktop\music-website-master\music-server)
2026-05-18 00:06:22 INFO  [com.example.wyk.WykMusicApplication] - The following profiles are active: dev
2026-05-18 00:06:22 INFO  [o.s.d.r.c.RepositoryConfigurationDelegate] - Multiple Spring Data modules found, entering strict repository configuration mode!
2026-05-18 00:06:22 INFO  [o.s.d.r.c.RepositoryConfigurationDelegate] - Bootstrapping Spring Data Redis repositories in DEFAULT mode.
2026-05-18 00:06:22 INFO  [o.s.d.r.c.RepositoryConfigurationDelegate] - Finished Spring Data repository scanning in 21 ms. Found 0 Redis repository interfaces.
2026-05-18 00:06:22 INFO  [o.s.b.w.e.tomcat.TomcatWebServer] - Tomcat initialized with port(s): 8888 (http)
2026-05-18 00:06:22 INFO  [o.a.coyote.http11.Http11NioProtocol] - Initializing ProtocolHandler ["http-nio-8888"]
2026-05-18 00:06:22 INFO  [o.a.catalina.core.StandardService] - Starting service [Tomcat]
2026-05-18 00:06:22 INFO  [o.a.catalina.core.StandardEngine] - Starting Servlet engine: [Apache Tomcat/9.0.56]
2026-05-18 00:06:22 INFO  [o.a.c.c.C.[Tomcat].[localhost].[/]] - Initializing Spring embedded WebApplicationContext
2026-05-18 00:06:22 INFO  [o.s.b.w.s.c.ServletWebServerApplicationContext] - Root WebApplicationContext: initialization completed in 638 ms
2026-05-18 00:06:22 INFO  [o.s.b.d.a.OptionalLiveReloadServer] - LiveReload server is running on port 35729
2026-05-18 00:06:22 INFO  [o.a.coyote.http11.Http11NioProtocol] - Starting ProtocolHandler ["http-nio-8888"]
2026-05-18 00:06:22 INFO  [o.s.b.w.e.tomcat.TomcatWebServer] - Tomcat started on port(s): 8888 (http) with context path ''
2026-05-18 00:06:22 INFO  [com.example.wyk.WykMusicApplication] - Started WykMusicApplication in 0.981 seconds (JVM running for 288.989)
2026-05-18 00:06:22 INFO  [o.s.b.d.a.ConditionEvaluationDeltaLoggingListener] - Condition evaluation unchanged
2026-05-18 00:06:26 INFO  [o.a.c.c.C.[Tomcat].[localhost].[/]] - Initializing Spring DispatcherServlet 'dispatcherServlet'
2026-05-18 00:06:26 INFO  [o.s.web.servlet.DispatcherServlet] - Initializing Servlet 'dispatcherServlet'
2026-05-18 00:06:27 INFO  [o.s.web.servlet.DispatcherServlet] - Completed initialization in 2 ms
2026-05-18 00:06:27 INFO  [com.zaxxer.hikari.HikariDataSource] - HikariPool-2 - Starting...
2026-05-18 00:06:27 INFO  [com.zaxxer.hikari.HikariDataSource] - HikariPool-2 - Start completed.
2026-05-18 00:07:20 INFO  [com.zaxxer.hikari.HikariDataSource] - HikariPool-2 - Shutdown initiated...
2026-05-18 00:07:20 INFO  [com.zaxxer.hikari.HikariDataSource] - HikariPool-2 - Shutdown completed.
2026-05-18 00:07:24 INFO  [com.example.wyk.WykMusicApplication] - Starting WykMusicApplication using Java 17.0.17 on 还有机会吗 with PID 51372 (C:\Users\33413\Desktop\music-website-master\music-server\target\classes started by 33413 in C:\Users\33413\Desktop\music-website-master\music-server)
2026-05-18 00:07:24 INFO  [com.example.wyk.WykMusicApplication] - The following profiles are active: dev
2026-05-18 00:07:24 INFO  [o.s.b.d.restart.ChangeableUrls] - The Class-Path manifest attribute in D:\develop\apache-maven-3.9.9\myrepository\com\sun\xml\bind\jaxb-impl\2.3.1\jaxb-impl-2.3.1.jar referenced one or more files that do not exist: file:/D:/develop/apache-maven-3.9.9/myrepository/com/sun/xml/bind/jaxb-impl/2.3.1/jaxb-runtime-2.3.1.jar,file:/D:/develop/apache-maven-3.9.9/myrepository/com/sun/xml/bind/jaxb-impl/2.3.1/txw2-2.3.1.jar,file:/D:/develop/apache-maven-3.9.9/myrepository/com/sun/xml/bind/jaxb-impl/2.3.1/istack-commons-runtime-3.0.7.jar,file:/D:/develop/apache-maven-3.9.9/myrepository/com/sun/xml/bind/jaxb-impl/2.3.1/stax-ex-1.8.jar,file:/D:/develop/apache-maven-3.9.9/myrepository/com/sun/xml/bind/jaxb-impl/2.3.1/FastInfoset-1.2.15.jar,file:/D:/develop/apache-maven-3.9.9/myrepository/com/sun/xml/bind/jaxb-impl/2.3.1/javax.activation-api-1.2.0.jar
2026-05-18 00:07:24 INFO  [o.s.b.d.e.DevToolsPropertyDefaultsPostProcessor] - Devtools property defaults active! Set 'spring.devtools.add-properties' to 'false' to disable
2026-05-18 00:07:24 INFO  [o.s.b.d.e.DevToolsPropertyDefaultsPostProcessor] - For additional web related logging consider setting the 'logging.level.web' property to 'DEBUG'
2026-05-18 00:07:25 INFO  [o.s.d.r.c.RepositoryConfigurationDelegate] - Multiple Spring Data modules found, entering strict repository configuration mode!
2026-05-18 00:07:25 INFO  [o.s.d.r.c.RepositoryConfigurationDelegate] - Bootstrapping Spring Data Redis repositories in DEFAULT mode.
2026-05-18 00:07:25 INFO  [o.s.d.r.c.RepositoryConfigurationDelegate] - Finished Spring Data repository scanning in 24 ms. Found 0 Redis repository interfaces.
2026-05-18 00:07:27 INFO  [o.s.b.w.e.tomcat.TomcatWebServer] - Tomcat initialized with port(s): 8888 (http)
2026-05-18 00:07:27 INFO  [o.a.coyote.http11.Http11NioProtocol] - Initializing ProtocolHandler ["http-nio-8888"]
2026-05-18 00:07:27 INFO  [o.a.catalina.core.StandardService] - Starting service [Tomcat]
2026-05-18 00:07:27 INFO  [o.a.catalina.core.StandardEngine] - Starting Servlet engine: [Apache Tomcat/9.0.56]
2026-05-18 00:07:27 INFO  [o.a.c.c.C.[Tomcat].[localhost].[/]] - Initializing Spring embedded WebApplicationContext
2026-05-18 00:07:27 INFO  [o.s.b.w.s.c.ServletWebServerApplicationContext] - Root WebApplicationContext: initialization completed in 2606 ms
2026-05-18 00:07:28 INFO  [o.s.b.d.a.OptionalLiveReloadServer] - LiveReload server is running on port 35729
2026-05-18 00:07:28 INFO  [o.a.coyote.http11.Http11NioProtocol] - Starting ProtocolHandler ["http-nio-8888"]
2026-05-18 00:07:28 INFO  [o.s.b.w.e.tomcat.TomcatWebServer] - Tomcat started on port(s): 8888 (http) with context path ''
2026-05-18 00:07:28 INFO  [com.example.wyk.WykMusicApplication] - Started WykMusicApplication in 3.826 seconds (JVM running for 4.48)
2026-05-18 00:07:51 INFO  [o.a.c.c.C.[Tomcat].[localhost].[/]] - Initializing Spring DispatcherServlet 'dispatcherServlet'
2026-05-18 00:07:51 INFO  [o.s.web.servlet.DispatcherServlet] - Initializing Servlet 'dispatcherServlet'
2026-05-18 00:07:51 INFO  [o.s.web.servlet.DispatcherServlet] - Completed initialization in 1 ms
2026-05-18 00:07:51 INFO  [com.zaxxer.hikari.HikariDataSource] - HikariPool-1 - Starting...
2026-05-18 00:07:51 INFO  [com.zaxxer.hikari.HikariDataSource] - HikariPool-1 - Start completed.
2026-05-18 12:43:32 WARN  [o.apache.catalina.connector.Request] - Creating the temporary upload location [C:\Users\33413\AppData\Local\Temp\tomcat.8888.814753021570852219\work\Tomcat\localhost\ROOT] as it is required by the servlet [dispatcherServlet]
2026-05-18 13:20:55 INFO  [c.e.wyk.service.impl.SongServiceImpl] - Query songs by singerId=2, count=5
2026-05-18 13:21:02 INFO  [c.e.wyk.service.impl.SongServiceImpl] - Query songs by singerId=2, count=5
